This is pdfTeX, Version 3.14159265-2.6-1.40.16 (TeX Live 2015) (preloaded format=pdflatex 2015.7.15)  5 SEP 2015 22:31
entering extended mode
 restricted \write18 enabled.
 file:line:error style messages enabled.
 %&-line parsing enabled.
**Main.tex
(./Main.tex
LaTeX2e <2015/01/01>
Babel <3.9l> and hyphenation patterns for 79 languages loaded.
(/usr/local/texlive/2015/texmf-dist/tex/latex/nag/nag.sty
Package: nag 2011/11/25 0.7 warning about old commands (ulmi)
\c@nag@c=\count79
\c@nag@sins=\count80
Package nag Info: Loaded nag-l2tabu.cfg  on input line 552.

(/usr/local/texlive/2015/texmf-dist/tex/latex/nag/nag-l2tabu.cfg
File: nag-l2tabu.cfg 2010/05/17 v2.11 l2tabu rules for nag.sty (ulmi)
)
Package nag Info: Loaded nag-orthodox.cfg  on input line 552.

(/usr/local/texlive/2015/texmf-dist/tex/latex/nag/nag-orthodox.cfg
File: nag-orthodox.cfg 2006/04/19 v1.8 strict rules for nag.sty (ulmi)
))
(./ucl_thesis.cls
Document Class: ucl_thesis 2014/08/12 v1.6 UCL MRes/MPhil/PhD Thesis class
(/usr/local/texlive/2015/texmf-dist/tex/latex/base/book.cls
Document Class: book 2014/09/29 v1.4h Standard LaTeX document class
(/usr/local/texlive/2015/texmf-dist/tex/latex/base/bk12.clo
File: bk12.clo 2014/09/29 v1.4h Standard LaTeX file (size option)
)
\c@part=\count81
\c@chapter=\count82
\c@section=\count83
\c@subsection=\count84
\c@subsubsection=\count85
\c@paragraph=\count86
\c@subparagraph=\count87
\c@figure=\count88
\c@table=\count89
\abovecaptionskip=\skip41
\belowcaptionskip=\skip42
\bibindent=\dimen102
)
(/usr/local/texlive/2015/texmf-dist/tex/latex/psnfss/times.sty
Package: times 2005/04/12 PSNFSS-v9.2a (SPQR) 
)
(/usr/local/texlive/2015/texmf-dist/tex/latex/psnfss/mathptmx.sty
Package: mathptmx 2005/04/12 PSNFSS-v9.2a Times w/ Math, improved (SPQR, WaS) 
LaTeX Font Info:    Redeclaring symbol font `operators' on input line 28.
LaTeX Font Info:    Overwriting symbol font `operators' in version `normal'
(Font)                  OT1/cmr/m/n --> OT1/ztmcm/m/n on input line 28.
LaTeX Font Info:    Overwriting symbol font `operators' in version `bold'
(Font)                  OT1/cmr/bx/n --> OT1/ztmcm/m/n on input line 28.
LaTeX Font Info:    Redeclaring symbol font `letters' on input line 29.
LaTeX Font Info:    Overwriting symbol font `letters' in version `normal'
(Font)                  OML/cmm/m/it --> OML/ztmcm/m/it on input line 29.
LaTeX Font Info:    Overwriting symbol font `letters' in version `bold'
(Font)                  OML/cmm/b/it --> OML/ztmcm/m/it on input line 29.
LaTeX Font Info:    Redeclaring symbol font `symbols' on input line 30.
LaTeX Font Info:    Overwriting symbol font `symbols' in version `normal'
(Font)                  OMS/cmsy/m/n --> OMS/ztmcm/m/n on input line 30.
LaTeX Font Info:    Overwriting symbol font `symbols' in version `bold'
(Font)                  OMS/cmsy/b/n --> OMS/ztmcm/m/n on input line 30.
LaTeX Font Info:    Redeclaring symbol font `largesymbols' on input line 31.
LaTeX Font Info:    Overwriting symbol font `largesymbols' in version `normal'
(Font)                  OMX/cmex/m/n --> OMX/ztmcm/m/n on input line 31.
LaTeX Font Info:    Overwriting symbol font `largesymbols' in version `bold'
(Font)                  OMX/cmex/m/n --> OMX/ztmcm/m/n on input line 31.
\symbold=\mathgroup4
\symitalic=\mathgroup5
LaTeX Font Info:    Redeclaring math alphabet \mathbf on input line 34.
LaTeX Font Info:    Overwriting math alphabet `\mathbf' in version `normal'
(Font)                  OT1/cmr/bx/n --> OT1/ptm/bx/n on input line 34.
LaTeX Font Info:    Overwriting math alphabet `\mathbf' in version `bold'
(Font)                  OT1/cmr/bx/n --> OT1/ptm/bx/n on input line 34.
LaTeX Font Info:    Redeclaring math alphabet \mathit on input line 35.
LaTeX Font Info:    Overwriting math alphabet `\mathit' in version `normal'
(Font)                  OT1/cmr/m/it --> OT1/ptm/m/it on input line 35.
LaTeX Font Info:    Overwriting math alphabet `\mathit' in version `bold'
(Font)                  OT1/cmr/bx/it --> OT1/ptm/m/it on input line 35.
LaTeX Info: Redefining \hbar on input line 50.
))
(./MainPackages.tex
(/usr/local/texlive/2015/texmf-dist/tex/latex/blindtext/blindtext.sty
Package: blindtext 2012/01/06 V2.0 blindtext-Package

(/usr/local/texlive/2015/texmf-dist/tex/latex/tools/xspace.sty
Package: xspace 2014/10/28 v1.13 Space after command names (DPC,MH)
)
\c@blindtext=\count90
\c@Blindtext=\count91
\c@blind@countparstart=\count92
\blind@countxx=\count93
\blindtext@numBlindtext=\count94
\blind@countyy=\count95
\c@blindlist=\count96
\c@blindlistlevel=\count97
\c@blindlist@level=\count98
\blind@listitem=\count99
\c@blind@listcount=\count100
\c@blind@levelcount=\count101
\blind@mathformula=\count102
\blind@Mathformula=\count103
\c@blind@randomcount=\count104
\c@blind@randommax=\count105
\c@blind@pangramcount=\count106
\c@blind@pangrammax=\count107
)
(/usr/local/texlive/2015/texmf-dist/tex/latex/emptypage/emptypage.sty
Package: emptypage 2010/05/30 v1.2 Suppress page numbers and headings on empty 
pages
)
(/usr/local/texlive/2015/texmf-dist/tex/latex/graphics/graphicx.sty
Package: graphicx 2014/10/28 v1.0g Enhanced LaTeX Graphics (DPC,SPQR)

(/usr/local/texlive/2015/texmf-dist/tex/latex/graphics/keyval.sty
Package: keyval 2014/10/28 v1.15 key=value parser (DPC)
\KV@toks@=\toks14
)
(/usr/local/texlive/2015/texmf-dist/tex/latex/graphics/graphics.sty
Package: graphics 2014/10/28 v1.0p Standard LaTeX Graphics (DPC,SPQR)

(/usr/local/texlive/2015/texmf-dist/tex/latex/graphics/trig.sty
Package: trig 1999/03/16 v1.09 sin cos tan (DPC)
)
(/usr/local/texlive/2015/texmf-dist/tex/latex/latexconfig/graphics.cfg
File: graphics.cfg 2010/04/23 v1.9 graphics configuration of TeX Live
)
Package graphics Info: Driver file: pdftex.def on input line 94.

(/usr/local/texlive/2015/texmf-dist/tex/latex/pdftex-def/pdftex.def
File: pdftex.def 2011/05/27 v0.06d Graphics/color for pdfTeX

(/usr/local/texlive/2015/texmf-dist/tex/generic/oberdiek/infwarerr.sty
Package: infwarerr 2010/04/08 v1.3 Providing info/warning/error messages (HO)
)
(/usr/local/texlive/2015/texmf-dist/tex/generic/oberdiek/ltxcmds.sty
Package: ltxcmds 2011/11/09 v1.22 LaTeX kernel commands for general use (HO)
)
\Gread@gobject=\count108
))
\Gin@req@height=\dimen103
\Gin@req@width=\dimen104
)
(/usr/local/texlive/2015/texmf-dist/tex/latex/float/float.sty
Package: float 2001/11/08 v1.3d Float enhancements (AL)
\c@float@type=\count109
\float@exts=\toks15
\float@box=\box26
\@float@everytoks=\toks16
\@floatcapt=\box27
)
(/usr/local/texlive/2015/texmf-dist/tex/latex/amsmath/amsmath.sty
Package: amsmath 2013/01/14 v2.14 AMS math features
\@mathmargin=\skip43

For additional information on amsmath, use the `?' option.
(/usr/local/texlive/2015/texmf-dist/tex/latex/amsmath/amstext.sty
Package: amstext 2000/06/29 v2.01

(/usr/local/texlive/2015/texmf-dist/tex/latex/amsmath/amsgen.sty
File: amsgen.sty 1999/11/30 v2.0
\@emptytoks=\toks17
\ex@=\dimen105
))
(/usr/local/texlive/2015/texmf-dist/tex/latex/amsmath/amsbsy.sty
Package: amsbsy 1999/11/29 v1.2d
\pmbraise@=\dimen106
)
(/usr/local/texlive/2015/texmf-dist/tex/latex/amsmath/amsopn.sty
Package: amsopn 1999/12/14 v2.01 operator names
)
\inf@bad=\count110
LaTeX Info: Redefining \frac on input line 210.
\uproot@=\count111
\leftroot@=\count112
LaTeX Info: Redefining \overline on input line 306.
\classnum@=\count113
\DOTSCASE@=\count114
LaTeX Info: Redefining \ldots on input line 378.
LaTeX Info: Redefining \dots on input line 381.
LaTeX Info: Redefining \cdots on input line 466.
\Mathstrutbox@=\box28
\strutbox@=\box29
\big@size=\dimen107
LaTeX Font Info:    Redeclaring font encoding OML on input line 566.
LaTeX Font Info:    Redeclaring font encoding OMS on input line 567.
\macc@depth=\count115
\c@MaxMatrixCols=\count116
\dotsspace@=\muskip10
\c@parentequation=\count117
\dspbrk@lvl=\count118
\tag@help=\toks18
\row@=\count119
\column@=\count120
\maxfields@=\count121
\andhelp@=\toks19
\eqnshift@=\dimen108
\alignsep@=\dimen109
\tagshift@=\dimen110
\tagwidth@=\dimen111
\totwidth@=\dimen112
\lineht@=\dimen113
\@envbody=\toks20
\multlinegap=\skip44
\multlinetaggap=\skip45
\mathdisplay@stack=\toks21
LaTeX Info: Redefining \[ on input line 2665.
LaTeX Info: Redefining \] on input line 2666.
)
(/usr/local/texlive/2015/texmf-dist/tex/latex/was/gensymb.sty
Package: gensymb 2003/07/02 v1.0 (WaS)
)
(/usr/local/texlive/2015/texmf-dist/tex/latex/base/textcomp.sty
Package: textcomp 2005/09/27 v1.99g Standard LaTeX package
Package textcomp Info: Sub-encoding information:
(textcomp)               5 = only ISO-Adobe without \textcurrency
(textcomp)               4 = 5 + \texteuro
(textcomp)               3 = 4 + \textohm
(textcomp)               2 = 3 + \textestimated + \textcurrency
(textcomp)               1 = TS1 - \textcircled - \t
(textcomp)               0 = TS1 (full)
(textcomp)             Font families with sub-encoding setting implement
(textcomp)             only a restricted character set as indicated.
(textcomp)             Family '?' is the default used for unknown fonts.
(textcomp)             See the documentation for details.
Package textcomp Info: Setting ? sub-encoding to TS1/1 on input line 79.

(/usr/local/texlive/2015/texmf-dist/tex/latex/base/ts1enc.def
File: ts1enc.def 2001/06/05 v3.0e (jk/car/fm) Standard LaTeX file
)
LaTeX Info: Redefining \oldstylenums on input line 334.
Package textcomp Info: Setting cmr sub-encoding to TS1/0 on input line 349.
Package textcomp Info: Setting cmss sub-encoding to TS1/0 on input line 350.
Package textcomp Info: Setting cmtt sub-encoding to TS1/0 on input line 351.
Package textcomp Info: Setting cmvtt sub-encoding to TS1/0 on input line 352.
Package textcomp Info: Setting cmbr sub-encoding to TS1/0 on input line 353.
Package textcomp Info: Setting cmtl sub-encoding to TS1/0 on input line 354.
Package textcomp Info: Setting ccr sub-encoding to TS1/0 on input line 355.
Package textcomp Info: Setting ptm sub-encoding to TS1/4 on input line 356.
Package textcomp Info: Setting pcr sub-encoding to TS1/4 on input line 357.
Package textcomp Info: Setting phv sub-encoding to TS1/4 on input line 358.
Package textcomp Info: Setting ppl sub-encoding to TS1/3 on input line 359.
Package textcomp Info: Setting pag sub-encoding to TS1/4 on input line 360.
Package textcomp Info: Setting pbk sub-encoding to TS1/4 on input line 361.
Package textcomp Info: Setting pnc sub-encoding to TS1/4 on input line 362.
Package textcomp Info: Setting pzc sub-encoding to TS1/4 on input line 363.
Package textcomp Info: Setting bch sub-encoding to TS1/4 on input line 364.
Package textcomp Info: Setting put sub-encoding to TS1/5 on input line 365.
Package textcomp Info: Setting uag sub-encoding to TS1/5 on input line 366.
Package textcomp Info: Setting ugq sub-encoding to TS1/5 on input line 367.
Package textcomp Info: Setting ul8 sub-encoding to TS1/4 on input line 368.
Package textcomp Info: Setting ul9 sub-encoding to TS1/4 on input line 369.
Package textcomp Info: Setting augie sub-encoding to TS1/5 on input line 370.
Package textcomp Info: Setting dayrom sub-encoding to TS1/3 on input line 371.
Package textcomp Info: Setting dayroms sub-encoding to TS1/3 on input line 372.

Package textcomp Info: Setting pxr sub-encoding to TS1/0 on input line 373.
Package textcomp Info: Setting pxss sub-encoding to TS1/0 on input line 374.
Package textcomp Info: Setting pxtt sub-encoding to TS1/0 on input line 375.
Package textcomp Info: Setting txr sub-encoding to TS1/0 on input line 376.
Package textcomp Info: Setting txss sub-encoding to TS1/0 on input line 377.
Package textcomp Info: Setting txtt sub-encoding to TS1/0 on input line 378.
Package textcomp Info: Setting lmr sub-encoding to TS1/0 on input line 379.
Package textcomp Info: Setting lmdh sub-encoding to TS1/0 on input line 380.
Package textcomp Info: Setting lmss sub-encoding to TS1/0 on input line 381.
Package textcomp Info: Setting lmssq sub-encoding to TS1/0 on input line 382.
Package textcomp Info: Setting lmvtt sub-encoding to TS1/0 on input line 383.
Package textcomp Info: Setting lmtt sub-encoding to TS1/0 on input line 384.
Package textcomp Info: Setting qhv sub-encoding to TS1/0 on input line 385.
Package textcomp Info: Setting qag sub-encoding to TS1/0 on input line 386.
Package textcomp Info: Setting qbk sub-encoding to TS1/0 on input line 387.
Package textcomp Info: Setting qcr sub-encoding to TS1/0 on input line 388.
Package textcomp Info: Setting qcs sub-encoding to TS1/0 on input line 389.
Package textcomp Info: Setting qpl sub-encoding to TS1/0 on input line 390.
Package textcomp Info: Setting qtm sub-encoding to TS1/0 on input line 391.
Package textcomp Info: Setting qzc sub-encoding to TS1/0 on input line 392.
Package textcomp Info: Setting qhvc sub-encoding to TS1/0 on input line 393.
Package textcomp Info: Setting futs sub-encoding to TS1/4 on input line 394.
Package textcomp Info: Setting futx sub-encoding to TS1/4 on input line 395.
Package textcomp Info: Setting futj sub-encoding to TS1/4 on input line 396.
Package textcomp Info: Setting hlh sub-encoding to TS1/3 on input line 397.
Package textcomp Info: Setting hls sub-encoding to TS1/3 on input line 398.
Package textcomp Info: Setting hlst sub-encoding to TS1/3 on input line 399.
Package textcomp Info: Setting hlct sub-encoding to TS1/5 on input line 400.
Package textcomp Info: Setting hlx sub-encoding to TS1/5 on input line 401.
Package textcomp Info: Setting hlce sub-encoding to TS1/5 on input line 402.
Package textcomp Info: Setting hlcn sub-encoding to TS1/5 on input line 403.
Package textcomp Info: Setting hlcw sub-encoding to TS1/5 on input line 404.
Package textcomp Info: Setting hlcf sub-encoding to TS1/5 on input line 405.
Package textcomp Info: Setting pplx sub-encoding to TS1/3 on input line 406.
Package textcomp Info: Setting pplj sub-encoding to TS1/3 on input line 407.
Package textcomp Info: Setting ptmx sub-encoding to TS1/4 on input line 408.
Package textcomp Info: Setting ptmj sub-encoding to TS1/4 on input line 409.
)
(/usr/local/texlive/2015/texmf-dist/tex/latex/setspace/setspace.sty
Package: setspace 2011/12/19 v6.7a set line spacing
)
(/usr/local/texlive/2015/texmf-dist/tex/latex/multirow/multirow.sty
\bigstrutjot=\dimen114
)
(/usr/local/texlive/2015/texmf-dist/tex/latex/natbib/bibentry.sty
Package: bibentry 2007/10/30 1.5 (PWD)
)
(/usr/local/texlive/2015/texmf-dist/tex/latex/caption/caption.sty
Package: caption 2013/05/02 v3.3-89 Customizing captions (AR)

(/usr/local/texlive/2015/texmf-dist/tex/latex/caption/caption3.sty
Package: caption3 2013/05/02 v1.6-88 caption3 kernel (AR)
Package caption3 Info: TeX engine: e-TeX on input line 57.
\captionmargin=\dimen115
\captionmargin@=\dimen116
\captionwidth=\dimen117
\caption@tempdima=\dimen118
\caption@indent=\dimen119
\caption@parindent=\dimen120
\caption@hangindent=\dimen121
)
\c@ContinuedFloat=\count122
Package caption Info: float package is loaded.
)
(/usr/local/texlive/2015/texmf-dist/tex/latex/etoolbox/etoolbox.sty
Package: etoolbox 2015/05/04 v2.2 e-TeX tools for LaTeX (JAW)
\etb@tempcnta=\count123
)
(/usr/local/texlive/2015/texmf-dist/tex/latex/tools/bm.sty
Package: bm 2014/10/28 v1.1c Bold Symbol Support (DPC/FMi)
LaTeX Info: Redefining \bm on input line 207.
)
(/usr/local/texlive/2015/texmf-dist/tex/latex/xcolor/xcolor.sty
Package: xcolor 2007/01/21 v2.11 LaTeX color extensions (UK)

(/usr/local/texlive/2015/texmf-dist/tex/latex/latexconfig/color.cfg
File: color.cfg 2007/01/18 v1.5 color configuration of teTeX/TeXLive
)
Package xcolor Info: Driver file: pdftex.def on input line 225.
Package xcolor Info: Model `cmy' substituted by `cmy0' on input line 1337.
Package xcolor Info: Model `hsb' substituted by `rgb' on input line 1341.
Package xcolor Info: Model `RGB' extended on input line 1353.
Package xcolor Info: Model `HTML' substituted by `rgb' on input line 1355.
Package xcolor Info: Model `Hsb' substituted by `hsb' on input line 1356.
Package xcolor Info: Model `tHsb' substituted by `hsb' on input line 1357.
Package xcolor Info: Model `HSB' substituted by `hsb' on input line 1358.
Package xcolor Info: Model `Gray' substituted by `gray' on input line 1359.
Package xcolor Info: Model `wave' substituted by `hsb' on input line 1360.
)
(/usr/local/texlive/2015/texmf-dist/tex/latex/colortbl/colortbl.sty
Package: colortbl 2012/02/13 v1.0a Color table columns (DPC)

(/usr/local/texlive/2015/texmf-dist/tex/latex/tools/array.sty
Package: array 2014/10/28 v2.4c Tabular extension package (FMi)
\col@sep=\dimen122
\extrarowheight=\dimen123
\NC@list=\toks22
\extratabsurround=\skip46
\backup@length=\skip47
)
\everycr=\toks23
\minrowclearance=\skip48
)
(/usr/local/texlive/2015/texmf-dist/tex/latex/amsmath/amscd.sty
Package: amscd 1999/11/29 v2.0
\athelp@=\toks24
\minaw@=\dimen124
\bigaw@=\dimen125
\minCDarrowwidth=\dimen126
)
(/usr/local/texlive/2015/texmf-dist/tex/latex/amsfonts/amssymb.sty
Package: amssymb 2013/01/14 v3.01 AMS font symbols

(/usr/local/texlive/2015/texmf-dist/tex/latex/amsfonts/amsfonts.sty
Package: amsfonts 2013/01/14 v3.01 Basic AMSFonts support
\symAMSa=\mathgroup6
\symAMSb=\mathgroup7
LaTeX Font Info:    Overwriting math alphabet `\mathfrak' in version `bold'
(Font)                  U/euf/m/n --> U/euf/b/n on input line 106.
))
(/usr/local/texlive/2015/texmf-dist/tex/latex/base/latexsym.sty
Package: latexsym 1998/08/17 v2.2e Standard LaTeX package (lasy symbols)
\symlasy=\mathgroup8
LaTeX Font Info:    Overwriting symbol font `lasy' in version `bold'
(Font)                  U/lasy/m/n --> U/lasy/b/n on input line 52.
)
(/usr/local/texlive/2015/texmf-dist/tex/latex/url/url.sty
\Urlmuskip=\muskip11
Package: url 2013/09/16  ver 3.4  Verb mode for urls, etc.
)
(/usr/local/texlive/2015/texmf-dist/tex/latex/tools/longtable.sty
Package: longtable 2014/10/28 v4.11 Multi-page Table package (DPC)
\LTleft=\skip49
\LTright=\skip50
\LTpre=\skip51
\LTpost=\skip52
\LTchunksize=\count124
\LTcapwidth=\dimen127
\LT@head=\box30
\LT@firsthead=\box31
\LT@foot=\box32
\LT@lastfoot=\box33
\LT@cols=\count125
\LT@rows=\count126
\c@LT@tables=\count127
\c@LT@chunks=\count128
\LT@p@ftn=\toks25
)
(/usr/local/texlive/2015/texmf-dist/tex/latex/caption/subcaption.sty
Package: subcaption 2013/02/03 v1.1-62 Sub-captions (AR)
\c@subfigure=\count129
\c@subtable=\count130
)
(/usr/local/texlive/2015/texmf-dist/tex/latex/algorithms/algorithm.sty
Package: algorithm 2009/08/24 v0.1 Document Style `algorithm' - floating enviro
nment

(/usr/local/texlive/2015/texmf-dist/tex/latex/base/ifthen.sty
Package: ifthen 2014/09/29 v1.1c Standard LaTeX ifthen package (DPC)
)
\@float@every@algorithm=\toks26
\c@algorithm=\count131
)
(/usr/local/texlive/2015/texmf-dist/tex/latex/algorithmicx/algpseudocode.sty
Package: algpseudocode 

(/usr/local/texlive/2015/texmf-dist/tex/latex/algorithmicx/algorithmicx.sty
Package: algorithmicx 2005/04/27 v1.2 Algorithmicx

Document Style algorithmicx 1.2 - a greatly improved `algorithmic' style
\c@ALG@line=\count132
\c@ALG@rem=\count133
\c@ALG@nested=\count134
\ALG@tlm=\skip53
\ALG@thistlm=\skip54
\c@ALG@Lnr=\count135
\c@ALG@blocknr=\count136
\c@ALG@storecount=\count137
\c@ALG@tmpcounter=\count138
\ALG@tmplength=\skip55
)
Document Style - pseudocode environments for use with the `algorithmicx' style
)) (./LinksAndMetadata.tex
(/usr/local/texlive/2015/texmf-dist/tex/latex/hyperref/hyperref.sty
Package: hyperref 2012/11/06 v6.83m Hypertext links for LaTeX

(/usr/local/texlive/2015/texmf-dist/tex/generic/oberdiek/hobsub-hyperref.sty
Package: hobsub-hyperref 2012/05/28 v1.13 Bundle oberdiek, subset hyperref (HO)


(/usr/local/texlive/2015/texmf-dist/tex/generic/oberdiek/hobsub-generic.sty
Package: hobsub-generic 2012/05/28 v1.13 Bundle oberdiek, subset generic (HO)
Package: hobsub 2012/05/28 v1.13 Construct package bundles (HO)
Package hobsub Info: Skipping package `infwarerr' (already loaded).
Package hobsub Info: Skipping package `ltxcmds' (already loaded).
Package: ifluatex 2010/03/01 v1.3 Provides the ifluatex switch (HO)
Package ifluatex Info: LuaTeX not detected.
Package: ifvtex 2010/03/01 v1.5 Detect VTeX and its facilities (HO)
Package ifvtex Info: VTeX not detected.
Package: intcalc 2007/09/27 v1.1 Expandable calculations with integers (HO)
Package: ifpdf 2011/01/30 v2.3 Provides the ifpdf switch (HO)
Package ifpdf Info: pdfTeX in PDF mode is detected.
Package: etexcmds 2011/02/16 v1.5 Avoid name clashes with e-TeX commands (HO)
Package etexcmds Info: Could not find \expanded.
(etexcmds)             That can mean that you are not using pdfTeX 1.50 or
(etexcmds)             that some package has redefined \expanded.
(etexcmds)             In the latter case, load this package earlier.
Package: kvsetkeys 2012/04/25 v1.16 Key value parser (HO)
Package: kvdefinekeys 2011/04/07 v1.3 Define keys (HO)
Package: pdftexcmds 2011/11/29 v0.20 Utility functions of pdfTeX for LuaTeX (HO
)
Package pdftexcmds Info: LuaTeX not detected.
Package pdftexcmds Info: \pdf@primitive is available.
Package pdftexcmds Info: \pdf@ifprimitive is available.
Package pdftexcmds Info: \pdfdraftmode found.
Package: pdfescape 2011/11/25 v1.13 Implements pdfTeX's escape features (HO)
Package: bigintcalc 2012/04/08 v1.3 Expandable calculations on big integers (HO
)
Package: bitset 2011/01/30 v1.1 Handle bit-vector datatype (HO)
Package: uniquecounter 2011/01/30 v1.2 Provide unlimited unique counter (HO)
)
Package hobsub Info: Skipping package `hobsub' (already loaded).
Package: letltxmacro 2010/09/02 v1.4 Let assignment for LaTeX macros (HO)
Package: hopatch 2012/05/28 v1.2 Wrapper for package hooks (HO)
Package: xcolor-patch 2011/01/30 xcolor patch
Package: atveryend 2011/06/30 v1.8 Hooks at the very end of document (HO)
Package: atbegshi 2011/10/05 v1.16 At begin shipout hook (HO)
Package: refcount 2011/10/16 v3.4 Data extraction from label references (HO)
Package: hycolor 2011/01/30 v1.7 Color options for hyperref/bookmark (HO)
)
(/usr/local/texlive/2015/texmf-dist/tex/generic/ifxetex/ifxetex.sty
Package: ifxetex 2010/09/12 v0.6 Provides ifxetex conditional
)
(/usr/local/texlive/2015/texmf-dist/tex/latex/oberdiek/auxhook.sty
Package: auxhook 2011/03/04 v1.3 Hooks for auxiliary files (HO)
)
(/usr/local/texlive/2015/texmf-dist/tex/latex/oberdiek/kvoptions.sty
Package: kvoptions 2011/06/30 v3.11 Key value format for package options (HO)
)
\@linkdim=\dimen128
\Hy@linkcounter=\count139
\Hy@pagecounter=\count140

(/usr/local/texlive/2015/texmf-dist/tex/latex/hyperref/pd1enc.def
File: pd1enc.def 2012/11/06 v6.83m Hyperref: PDFDocEncoding definition (HO)
)
\Hy@SavedSpaceFactor=\count141

(/usr/local/texlive/2015/texmf-dist/tex/latex/latexconfig/hyperref.cfg
File: hyperref.cfg 2002/06/06 v1.2 hyperref configuration of TeXLive
)
Package hyperref Info: Hyper figures OFF on input line 4443.
Package hyperref Info: Link nesting OFF on input line 4448.
Package hyperref Info: Hyper index ON on input line 4451.
Package hyperref Info: Plain pages OFF on input line 4458.
Package hyperref Info: Backreferencing OFF on input line 4463.
Package hyperref Info: Implicit mode ON; LaTeX internals redefined.
Package hyperref Info: Bookmarks ON on input line 4688.
\c@Hy@tempcnt=\count142
LaTeX Info: Redefining \url on input line 5041.
\XeTeXLinkMargin=\dimen129
\Fld@menulength=\count143
\Field@Width=\dimen130
\Fld@charsize=\dimen131
Package hyperref Info: Hyper figures OFF on input line 6295.
Package hyperref Info: Link nesting OFF on input line 6300.
Package hyperref Info: Hyper index ON on input line 6303.
Package hyperref Info: backreferencing OFF on input line 6310.
Package hyperref Info: Link coloring OFF on input line 6315.
Package hyperref Info: Link coloring with OCG OFF on input line 6320.
Package hyperref Info: PDF/A mode OFF on input line 6325.
LaTeX Info: Redefining \ref on input line 6365.
LaTeX Info: Redefining \pageref on input line 6369.
\Hy@abspage=\count144
\c@Item=\count145
\c@Hfootnote=\count146
)

Package hyperref Message: Driver: hpdftex.

(/usr/local/texlive/2015/texmf-dist/tex/latex/hyperref/hpdftex.def
File: hpdftex.def 2012/11/06 v6.83m Hyperref driver for pdfTeX
\Fld@listcount=\count147
\c@bookmark@seq@number=\count148

(/usr/local/texlive/2015/texmf-dist/tex/latex/oberdiek/rerunfilecheck.sty
Package: rerunfilecheck 2011/04/15 v1.7 Rerun checks for auxiliary files (HO)
Package uniquecounter Info: New unique counter `rerunfilecheck' on input line 2
82.
)
\Hy@SectionHShift=\skip56
))
(./FloatSettings.tex) (./BibSettings.tex) (./Main.aux (./Preamble.aux)
(./Chapter1.aux) (./Chapter2.aux) (./Chapter3.aux) (./Chapter4.aux

LaTeX Warning: Label `eq:utility' multiply defined.

) (./Chapter5.aux

LaTeX Warning: Label `tab:CTR AUC' multiply defined.

) (./Chapter6.aux) (./Appendices.aux))
\openout1 = `Main.aux'.

LaTeX Font Info:    Checking defaults for OML/cmm/m/it on input line 89.
LaTeX Font Info:    ... okay on input line 89.
LaTeX Font Info:    Checking defaults for T1/cmr/m/n on input line 89.
LaTeX Font Info:    ... okay on input line 89.
LaTeX Font Info:    Checking defaults for OT1/cmr/m/n on input line 89.
LaTeX Font Info:    ... okay on input line 89.
LaTeX Font Info:    Checking defaults for OMS/cmsy/m/n on input line 89.
LaTeX Font Info:    ... okay on input line 89.
LaTeX Font Info:    Checking defaults for OMX/cmex/m/n on input line 89.
LaTeX Font Info:    ... okay on input line 89.
LaTeX Font Info:    Checking defaults for U/cmr/m/n on input line 89.
LaTeX Font Info:    ... okay on input line 89.
LaTeX Font Info:    Checking defaults for TS1/cmr/m/n on input line 89.
LaTeX Font Info:    Try loading font information for TS1+cmr on input line 89.

(/usr/local/texlive/2015/texmf-dist/tex/latex/base/ts1cmr.fd
File: ts1cmr.fd 2014/09/29 v2.5h Standard LaTeX font definitions
)
LaTeX Font Info:    ... okay on input line 89.
LaTeX Font Info:    Checking defaults for PD1/pdf/m/n on input line 89.
LaTeX Font Info:    ... okay on input line 89.
LaTeX Font Info:    Try loading font information for OT1+ptm on input line 89.

(/usr/local/texlive/2015/texmf-dist/tex/latex/psnfss/ot1ptm.fd
File: ot1ptm.fd 2001/06/04 font definitions for OT1/ptm.
)
Package nag Info: Command \RaggedLeft not defined, skipping amendment on input 
line 89.
Package nag Info: Command \RaggedRight not defined, skipping amendment on input
 line 89.

(/usr/local/texlive/2015/texmf-dist/tex/context/base/supp-pdf.mkii
[Loading MPS to PDF converter (version 2006.09.02).]
\scratchcounter=\count149
\scratchdimen=\dimen132
\scratchbox=\box34
\nofMPsegments=\count150
\nofMParguments=\count151
\everyMPshowfont=\toks27
\MPscratchCnt=\count152
\MPscratchDim=\dimen133
\MPnumerator=\count153
\makeMPintoPDFobject=\count154
\everyMPtoPDFconversion=\toks28
) (/usr/local/texlive/2015/texmf-dist/tex/latex/oberdiek/epstopdf-base.sty
Package: epstopdf-base 2010/02/09 v2.5 Base part for package epstopdf

(/usr/local/texlive/2015/texmf-dist/tex/latex/oberdiek/grfext.sty
Package: grfext 2010/08/19 v1.1 Manage graphics extensions (HO)
)
Package grfext Info: Graphics extension search list:
(grfext)             [.png,.pdf,.jpg,.mps,.jpeg,.jbig2,.jb2,.PNG,.PDF,.JPG,.JPE
G,.JBIG2,.JB2,.eps]
(grfext)             \AppendGraphicsExtensions on input line 452.

(/usr/local/texlive/2015/texmf-dist/tex/latex/latexconfig/epstopdf-sys.cfg
File: epstopdf-sys.cfg 2010/07/13 v1.3 Configuration of (r)epstopdf for TeX Liv
e
))
\symgns@font=\mathgroup9
LaTeX Font Info:    Overwriting symbol font `gns@font' in version `bold'
(Font)                  TS1/ptm/m/n --> TS1/ptm/bx/n on input line 89.
Package gensymb Info: Math companion symbols declared on input line 89.
LaTeX Info: Redefining \degree on input line 89.
LaTeX Info: Redefining \celsius on input line 89.
Package gensymb Info: Using text companion symbols for \degree, \celsius and \p
erthousand on input line 89.
LaTeX Info: Redefining \ohm on input line 89.
Package gensymb Info: Using \textohm for \ohm on input line 89.
Package gensymb Info: Using \textmu for \micro on input line 89.
Package caption Info: Begin \AtBeginDocument code.
Package caption Info: hyperref package is loaded.
Package caption Info: longtable package is loaded.

(/usr/local/texlive/2015/texmf-dist/tex/latex/caption/ltcaption.sty
Package: ltcaption 2013/02/03 v1.3-62 longtable captions (AR)
)
Package caption Info: End \AtBeginDocument code.
\AtBeginShipoutBox=\box35
Package hyperref Info: Link coloring OFF on input line 89.

(/usr/local/texlive/2015/texmf-dist/tex/latex/hyperref/nameref.sty
Package: nameref 2012/10/27 v2.43 Cross-referencing by name of section

(/usr/local/texlive/2015/texmf-dist/tex/generic/oberdiek/gettitlestring.sty
Package: gettitlestring 2010/12/03 v1.4 Cleanup title references (HO)
)
\c@section@level=\count155
)
LaTeX Info: Redefining \ref on input line 89.
LaTeX Info: Redefining \pageref on input line 89.
LaTeX Info: Redefining \nameref on input line 89.

(./Main.out) (./Main.out)
\@outlinefile=\write3
\openout3 = `Main.out'.

Package nag Info: Command \captionabove not defined, skipping amendment on inpu
t line 89.
Package nag Info: Command \captionbelow not defined, skipping amendment on inpu
t line 89.
Package nag Info: Command \hc@caption not defined, skipping amendment on input 
line 89.
Package nag Info: Command \topcaption not defined, skipping amendment on input 
line 89.
 (./Main.bbl)
\openout2 = `Preamble.aux'.

 (./Preamble.tex
LaTeX Font Info:    Font shape `OT1/ptm/bx/n' in size <24.88> not available
(Font)              Font shape `OT1/ptm/b/n' tried instead on input line 2.
 [1


{/usr/local/texlive/2015/texmf-var/fonts/map/pdftex/updmap/pdftex.map}] [2

] [3


] [4

] (./Main.toc
LaTeX Font Info:    Font shape `OT1/ptm/bx/n' in size <12> not available
(Font)              Font shape `OT1/ptm/b/n' tried instead on input line 1.
LaTeX Font Info:    Try loading font information for OT1+ztmcm on input line 3.


(/usr/local/texlive/2015/texmf-dist/tex/latex/psnfss/ot1ztmcm.fd
File: ot1ztmcm.fd 2000/01/03 Fontinst v1.801 font definitions for OT1/ztmcm.
)
LaTeX Font Info:    Try loading font information for OML+ztmcm on input line 3.


(/usr/local/texlive/2015/texmf-dist/tex/latex/psnfss/omlztmcm.fd
File: omlztmcm.fd 2000/01/03 Fontinst v1.801 font definitions for OML/ztmcm.
)
LaTeX Font Info:    Try loading font information for OMS+ztmcm on input line 3.


(/usr/local/texlive/2015/texmf-dist/tex/latex/psnfss/omsztmcm.fd
File: omsztmcm.fd 2000/01/03 Fontinst v1.801 font definitions for OMS/ztmcm.
)
LaTeX Font Info:    Try loading font information for OMX+ztmcm on input line 3.


(/usr/local/texlive/2015/texmf-dist/tex/latex/psnfss/omxztmcm.fd
File: omxztmcm.fd 2000/01/03 Fontinst v1.801 font definitions for OMX/ztmcm.
)
LaTeX Font Info:    Font shape `OT1/ptm/bx/n' in size <9> not available
(Font)              Font shape `OT1/ptm/b/n' tried instead on input line 3.
LaTeX Font Info:    Font shape `OT1/ptm/bx/n' in size <7> not available
(Font)              Font shape `OT1/ptm/b/n' tried instead on input line 3.
LaTeX Font Info:    Try loading font information for U+lasy on input line 3.

(/usr/local/texlive/2015/texmf-dist/tex/latex/base/ulasy.fd
File: ulasy.fd 1998/08/17 v2.2e LaTeX symbol font definitions
)
LaTeX Font Info:    Try loading font information for TS1+ptm on input line 3.

(/usr/local/texlive/2015/texmf-dist/tex/latex/psnfss/ts1ptm.fd
File: ts1ptm.fd 2001/06/04 font definitions for TS1/ptm.
) [5

])
\tf@toc=\write4
\openout4 = `Main.toc'.

 [6]
(./Main.lof)
\tf@lof=\write5
\openout5 = `Main.lof'.

 [7

] (./Main.lot)
\tf@lot=\write6
\openout6 = `Main.lot'.

) [8

]
\openout2 = `Chapter1.aux'.

 (./Chapter1.tex
Chapter 1.
LaTeX Font Info:    Font shape `OT1/ptm/bx/n' in size <17.28> not available
(Font)              Font shape `OT1/ptm/b/n' tried instead on input line 1.
<RTB.pdf, id=236, 338.26375pt x 441.65pt>
File: RTB.pdf Graphic file (type pdf)
 <use RTB.pdf>
Package pdftex.def Info: RTB.pdf used on input line 12.
(pdftex.def)             Requested size: 278.83578pt x 364.06921pt.
LaTeX Font Info:    Font shape `OT1/ptm/bx/n' in size <10.95> not available
(Font)              Font shape `OT1/ptm/b/n' tried instead on input line 13.
 [9



] [10 <./RTB.pdf>]
[11]) [12]
\openout2 = `Chapter2.aux'.

 (./Chapter2.tex
Chapter 2.
<flowchart.png, id=270, 646.0938pt x 274.1442pt>
File: flowchart.png Graphic file (type png)
 <use flowchart.png>
Package pdftex.def Info: flowchart.png used on input line 8.
(pdftex.def)             Requested size: 358.50227pt x 152.12253pt.
 [13



 <./flowchart.png>]

Package nag Warning: `center' environment in table.
(nag)                Maybe you want \centering instead on input line 56.


LaTeX Warning: `h' float specifier changed to `ht'.


Package nag Warning: `center' environment in table.
(nag)                Maybe you want \centering instead on input line 81.


Overfull \hbox (16.10335pt too wide) in paragraph at lines 65--81
 [] 
 []


Underfull \vbox (badness 10000) has occurred while \output is active []

 [14]
[15] <weekday.pdf, id=296, 505.89pt x 505.89pt>
File: weekday.pdf Graphic file (type pdf)
 <use weekday.pdf>
Package pdftex.def Info: weekday.pdf used on input line 89.
(pdftex.def)             Requested size: 179.24869pt x 142.26576pt.

<hour.pdf, id=297, 505.89pt x 505.89pt>
File: hour.pdf Graphic file (type pdf)
 <use hour.pdf>
Package pdftex.def Info: hour.pdf used on input line 94.
(pdftex.def)             Requested size: 179.24869pt x 142.26576pt.

<useragent.pdf, id=298, 505.89pt x 505.89pt>
File: useragent.pdf Graphic file (type pdf)
 <use useragent.pdf>
Package pdftex.def Info: useragent.pdf used on input line 99.
(pdftex.def)             Requested size: 179.24869pt x 142.26576pt.

<region.pdf, id=299, 505.89pt x 505.89pt>
File: region.pdf Graphic file (type pdf)
 <use region.pdf>
Package pdftex.def Info: region.pdf used on input line 104.
(pdftex.def)             Requested size: 179.24869pt x 142.26576pt.

<city.pdf, id=300, 505.89pt x 505.89pt>
File: city.pdf Graphic file (type pdf)
 <use city.pdf>
Package pdftex.def Info: city.pdf used on input line 109.
(pdftex.def)             Requested size: 179.24869pt x 142.26576pt.

<visibility.pdf, id=301, 505.89pt x 505.89pt>
File: visibility.pdf Graphic file (type pdf)
 <use visibility.pdf>
Package pdftex.def Info: visibility.pdf used on input line 114.
(pdftex.def)             Requested size: 179.24869pt x 142.26576pt.

<format.pdf, id=302, 505.89pt x 505.89pt>
File: format.pdf Graphic file (type pdf)
 <use format.pdf>
Package pdftex.def Info: format.pdf used on input line 119.
(pdftex.def)             Requested size: 179.24869pt x 142.26576pt.

<exchange.pdf, id=303, 505.89pt x 505.89pt>
File: exchange.pdf Graphic file (type pdf)
 <use exchange.pdf>
Package pdftex.def Info: exchange.pdf used on input line 124.
(pdftex.def)             Requested size: 179.24869pt x 142.26576pt.

Overfull \hbox (2.28001pt too wide) in paragraph at lines 88--128
[]$[]$ $[]$
 []


Overfull \hbox (2.28001pt too wide) in paragraph at lines 88--128
[]$ $[]$
 []


Overfull \hbox (2.28001pt too wide) in paragraph at lines 88--128
[]$ $[]$
 []


Overfull \hbox (2.28001pt too wide) in paragraph at lines 88--128
[]$ $[]$ 
 []


LaTeX Warning: Float too large for page by 13.95908pt on input line 131.

<GBDT.png, id=307, 668.2566pt x 315.0972pt>
File: GBDT.png Graphic file (type png)
 <use GBDT.png>
Package pdftex.def Info: GBDT.png used on input line 139.
(pdftex.def)             Requested size: 318.67207pt x 150.2593pt.

<DANOVA.png, id=308, 458.1918pt x 328.1058pt>
File: DANOVA.png Graphic file (type png)
 <use DANOVA.png>
Package pdftex.def Info: DANOVA.png used on input line 148.
(pdftex.def)             Requested size: 278.83578pt x 199.66862pt.

<hashing.png, id=312, 583.9416pt x 211.0284pt>
File: hashing.png Graphic file (type png)
 <use hashing.png>
Package pdftex.def Info: hashing.png used on input line 158.
(pdftex.def)             Requested size: 318.67207pt x 115.16115pt.
Missing character: There is no „ in font ptmr7t!
Missing character: There is no Ä in font ptmr7t!
Missing character: There is no Ç in font ptmr7t!

Underfull \vbox (badness 1552) has occurred while \output is active []

 [16]
[17 <./weekday.pdf> <./hour.pdf> <./useragent.pdf> <./region.pdf> <./city.pdf> 
<./visibility.pdf> <./format.pdf> <./exchange.pdf>] [18 <./GBDT.png> <./DANOVA.
png> <./hashing.png>]

LaTeX Warning: Citation `michaeljahrerandreast√∂scherjeongyoonleejingjingdeng20
12' on page 19 undefined on input line 174.

LaTeX Font Info:    Font shape `OT1/ptm/bx/n' in size <14.4> not available
(Font)              Font shape `OT1/ptm/b/n' tried instead on input line 176.

Package nag Warning: `center' environment in table.
(nag)                Maybe you want \centering instead on input line 203.


Underfull \vbox (badness 10000) has occurred while \output is active []

 [19]
<BOPR.png, id=1284, 341.1144pt x 478.4274pt>
File: BOPR.png Graphic file (type png)
 <use BOPR.png>
Package pdftex.def Info: BOPR.png used on input line 222.
(pdftex.def)             Requested size: 199.16928pt x 279.34233pt.
 [20] [21 <./BOPR.png>] <vandq.png, id=1303, 562.1pt x 421.575pt>
File: vandq.png Graphic file (type png)
 <use vandq.png>
Package pdftex.def Info: vandq.png used on input line 244.
(pdftex.def)             Requested size: 318.67207pt x 239.00082pt.
LaTeX Font Info:    Font shape `OT1/ptm/bx/n' in size <8> not available
(Font)              Font shape `OT1/ptm/b/n' tried instead on input line 245.
LaTeX Font Info:    Font shape `OT1/ptm/bx/n' in size <6> not available
(Font)              Font shape `OT1/ptm/b/n' tried instead on input line 245.
 [22 <./vandq.png (PNG copy)>]

Package nag Warning: `center' environment in table.
(nag)                Maybe you want \centering instead on input line 281.


Underfull \vbox (badness 2005) has occurred while \output is active []

 [23]

Package nag Warning: Command \rm is an old LaTeX 2.09 command. 
(nag)                Use \rmfamily or \textrm instead on input line 296.


Package nag Warning: Command \rm is an old LaTeX 2.09 command. 
(nag)                Use \rmfamily or \textrm instead on input line 296.


Package nag Warning: Command \rm is an old LaTeX 2.09 command. 
(nag)                Use \rmfamily or \textrm instead on input line 296.


Underfull \vbox (badness 10000) has occurred while \output is active []

 [24]

Package nag Warning: `center' environment in table.
(nag)                Maybe you want \centering instead on input line 337.


LaTeX Warning: Citation `michaeljahrerandreast√∂scherjeongyoonleejingjingdeng20
12' on page 25 undefined on input line 351.

[25]
Underfull \hbox (badness 10000) in paragraph at lines 374--374
[]|\OT1/ptm/m/n/12 UserAgent-
 []


Overfull \hbox (23.19766pt too wide) in paragraph at lines 395--395
[] 
 []


Underfull \vbox (badness 1688) has occurred while \output is active []

 [26])
[27]
\openout2 = `Chapter3.aux'.

 (./Chapter3.tex
Chapter 3.
[28



]
Overfull \hbox (16.05391pt too wide) in paragraph at lines 21--22
[]\OT1/ptm/m/n/12 Further,a \OT1/ptm/m/it/12 Bayesian Nash equi-lib-rium \OT1/p
tm/m/n/12 is a list of bid-ding func-tions $\OT1/ztmcm/m/n/12 (\OML/ztmcm/m/it/
12 b[]\OT1/ztmcm/m/n/12 (\OMS/ztmcm/m/n/12 ^^A\OT1/ztmcm/m/n/12 )\OML/ztmcm/m/i
t/12 ; :::; b[]\OT1/ztmcm/m/n/12 (\OMS/ztmcm/m/n/12 ^^A\OT1/ztmcm/m/n/12 ))$\OT
1/ptm/m/n/12 .
 []

[29]
Underfull \vbox (badness 1072) has occurred while \output is active []

 [30]
Underfull \vbox (badness 10000) has occurred while \output is active []

 [31]
Underfull \vbox (badness 2310) has occurred while \output is active []

 [32])
[33]
\openout2 = `Chapter4.aux'.

 (./Chapter4.tex
Chapter 4.
[34



]
Underfull \vbox (badness 10000) has occurred while \output is active []

 [35]
[36]
Underfull \vbox (badness 10000) has occurred while \output is active []

 [37]
<active.png, id=1463, 349.7868pt x 219.7008pt>
File: active.png Graphic file (type png)
 <use active.png>
Package pdftex.def Info: active.png used on input line 75.
(pdftex.def)             Requested size: 239.00557pt x 150.11867pt.

<MDPs.png, id=1465, 457.71pt x 142.131pt>
File: MDPs.png Graphic file (type png)
 <use MDPs.png>
Package pdftex.def Info: MDPs.png used on input line 84.
(pdftex.def)             Requested size: 318.67207pt x 98.95966pt.
 [38 <./active.png> <./MDPs.png>] [39] [40]
Underfull \vbox (badness 10000) has occurred while \output is active []

 [41]

Package nag Warning: Command \rm is an old LaTeX 2.09 command. 
(nag)                Use \rmfamily or \textrm instead on input line 172.


Package nag Warning: Command \rm is an old LaTeX 2.09 command. 
(nag)                Use \rmfamily or \textrm instead on input line 172.


Package nag Warning: Command \rm is an old LaTeX 2.09 command. 
(nag)                Use \rmfamily or \textrm instead on input line 172.

Package hyperref Info: bookmark level for unknown algorithm defaults to 0 on in
put line 177.
[42]
Underfull \vbox (badness 1831) has occurred while \output is active []

 [43]
Underfull \vbox (badness 10000) has occurred while \output is active []

 [44]
[45] <MDPs_2.png, id=1552, 134.904pt x 140.6856pt>
File: MDPs_2.png Graphic file (type png)
 <use MDPs_2.png>
Package pdftex.def Info: MDPs_2.png used on input line 316.
(pdftex.def)             Requested size: 99.58464pt x 103.85454pt.


Package nag Warning: Command \rm is an old LaTeX 2.09 command. 
(nag)                Use \rmfamily or \textrm instead on input line 359.


Package nag Warning: Command \rm is an old LaTeX 2.09 command. 
(nag)                Use \rmfamily or \textrm instead on input line 359.


Package nag Warning: Command \rm is an old LaTeX 2.09 command. 
(nag)                Use \rmfamily or \textrm instead on input line 359.


Underfull \vbox (badness 1845) has occurred while \output is active []

 [46 <./MDPs_2.png>] <MDPs_3.png, id=1566, 216.81pt x 142.131pt>
File: MDPs_3.png Graphic file (type png)
 <use MDPs_3.png>
Package pdftex.def Info: MDPs_3.png used on input line 375.
(pdftex.def)             Requested size: 159.333pt x 104.45741pt.
) [47 <./MDPs_3.png>] [48]
\openout2 = `Chapter5.aux'.

 (./Chapter5.tex
Chapter 5.
[49



]

Package nag Warning: `center' environment in table.
(nag)                Maybe you want \centering instead on input line 41.


Package nag Warning: `center' environment in table.
(nag)                Maybe you want \centering instead on input line 66.

<1458.pdf, id=1587, 505.89pt x 505.89pt>
File: 1458.pdf Graphic file (type pdf)
 <use 1458.pdf>
Package pdftex.def Info: 1458.pdf used on input line 72.
(pdftex.def)             Requested size: 179.24869pt x 142.26576pt.

<2259.pdf, id=1588, 505.89pt x 505.89pt>
File: 2259.pdf Graphic file (type pdf)
 <use 2259.pdf>
Package pdftex.def Info: 2259.pdf used on input line 77.
(pdftex.def)             Requested size: 179.24869pt x 142.26576pt.

<2261.pdf, id=1589, 505.89pt x 505.89pt>
File: 2261.pdf Graphic file (type pdf)
 <use 2261.pdf>
Package pdftex.def Info: 2261.pdf used on input line 82.
(pdftex.def)             Requested size: 179.24869pt x 142.26576pt.

<2821.pdf, id=1590, 505.89pt x 505.89pt>
File: 2821.pdf Graphic file (type pdf)
 <use 2821.pdf>
Package pdftex.def Info: 2821.pdf used on input line 87.
(pdftex.def)             Requested size: 179.24869pt x 142.26576pt.

<2997.pdf, id=1591, 505.89pt x 505.89pt>
File: 2997.pdf Graphic file (type pdf)
 <use 2997.pdf>
Package pdftex.def Info: 2997.pdf used on input line 92.
(pdftex.def)             Requested size: 179.24869pt x 142.26576pt.

<3358.pdf, id=1592, 505.89pt x 505.89pt>
File: 3358.pdf Graphic file (type pdf)
 <use 3358.pdf>
Package pdftex.def Info: 3358.pdf used on input line 97.
(pdftex.def)             Requested size: 179.24869pt x 142.26576pt.

<3386.pdf, id=1593, 505.89pt x 505.89pt>
File: 3386.pdf Graphic file (type pdf)
 <use 3386.pdf>
Package pdftex.def Info: 3386.pdf used on input line 102.
(pdftex.def)             Requested size: 179.24869pt x 142.26576pt.

<3427.pdf, id=1594, 505.89pt x 505.89pt>
File: 3427.pdf Graphic file (type pdf)
 <use 3427.pdf>
Package pdftex.def Info: 3427.pdf used on input line 107.
(pdftex.def)             Requested size: 179.24869pt x 142.26576pt.

Overfull \hbox (2.28001pt too wide) in paragraph at lines 71--111
[]$[]$ $[]$
 []


Overfull \hbox (2.28001pt too wide) in paragraph at lines 71--111
[]$ $[]$
 []


Overfull \hbox (2.28001pt too wide) in paragraph at lines 71--111
[]$ $[]$
 []


Overfull \hbox (2.28001pt too wide) in paragraph at lines 71--111
[]$ $[]$ 
 []


Package nag Warning: \label in float, but not after \caption on input line 112.



Package nag Warning: \label in float, but not after \caption on input line 112.



Package nag Warning: figure with no \caption on input line 113.

<3476.pdf, id=1595, 505.89pt x 505.89pt>
File: 3476.pdf Graphic file (type pdf)
 <use 3476.pdf>
Package pdftex.def Info: 3476.pdf used on input line 118.
(pdftex.def)             Requested size: 179.24869pt x 142.26576pt.

<all.pdf, id=1596, 505.89pt x 505.89pt>
File: all.pdf Graphic file (type pdf)
 <use all.pdf>
Package pdftex.def Info: all.pdf used on input line 123.
(pdftex.def)             Requested size: 179.24869pt x 142.26576pt.

Overfull \hbox (2.28001pt too wide) in paragraph at lines 117--127
[]$[]$ $[]$ 
 []

[50] [51 <./1458.pdf> <./2259.pdf> <./2261.pdf> <./2821.pdf> <./2997.pdf> <./33
58.pdf> <./3386.pdf> <./3427.pdf>]
<imbalance.png, id=2167, 562.1pt x 421.575pt>
File: imbalance.png Graphic file (type png)
 <use imbalance.png>
Package pdftex.def Info: imbalance.png used on input line 142.
(pdftex.def)             Requested size: 318.67207pt x 239.00082pt.
 [52 <./3476.pdf> <./all.pdf>] <Q100.png, id=2313, 562.1pt x 421.575pt>
File: Q100.png Graphic file (type png)
 <use Q100.png>
Package pdftex.def Info: Q100.png used on input line 157.
(pdftex.def)             Requested size: 179.24956pt x 142.26576pt.

<Q200.png, id=2314, 562.1pt x 421.575pt>
File: Q200.png Graphic file (type png)
 <use Q200.png>
Package pdftex.def Info: Q200.png used on input line 162.
(pdftex.def)             Requested size: 179.24956pt x 142.26576pt.

<Q300.png, id=2315, 562.1pt x 421.575pt>
File: Q300.png Graphic file (type png)
 <use Q300.png>
Package pdftex.def Info: Q300.png used on input line 167.
(pdftex.def)             Requested size: 179.24956pt x 142.26576pt.

<Q400.png, id=2316, 562.1pt x 421.575pt>
File: Q400.png Graphic file (type png)
 <use Q400.png>
Package pdftex.def Info: Q400.png used on input line 172.
(pdftex.def)             Requested size: 179.24956pt x 142.26576pt.

Overfull \hbox (2.28001pt too wide) in paragraph at lines 156--176
[]$[]$ $[]$
 []


Overfull \hbox (2.28001pt too wide) in paragraph at lines 156--176
[]$ $[]$ 
 []

<S100.png, id=2317, 562.1pt x 421.575pt>
File: S100.png Graphic file (type png)
 <use S100.png>
Package pdftex.def Info: S100.png used on input line 184.
(pdftex.def)             Requested size: 179.24956pt x 142.26576pt.

<S200.png, id=2318, 562.1pt x 421.575pt>
File: S200.png Graphic file (type png)
 <use S200.png>
Package pdftex.def Info: S200.png used on input line 189.
(pdftex.def)             Requested size: 179.24956pt x 142.26576pt.

<S300.png, id=2319, 562.1pt x 421.575pt>
File: S300.png Graphic file (type png)
 <use S300.png>
Package pdftex.def Info: S300.png used on input line 194.
(pdftex.def)             Requested size: 179.24956pt x 142.26576pt.

<S400.png, id=2320, 562.1pt x 421.575pt>
File: S400.png Graphic file (type png)
 <use S400.png>
Package pdftex.def Info: S400.png used on input line 199.
(pdftex.def)             Requested size: 179.24956pt x 142.26576pt.

Overfull \hbox (2.28001pt too wide) in paragraph at lines 183--203
[]$[]$ $[]$
 []


Overfull \hbox (2.28001pt too wide) in paragraph at lines 183--203
[]$ $[]$ 
 []

) [53 <./imbalance.png (PNG copy)>] [54 <./Q100.png (PNG copy)> <./Q200.png (PN
G copy)> <./Q300.png (PNG copy)> <./Q400.png (PNG copy)>] [55 <./S100.png (PNG 
copy)> <./S200.png (PNG copy)> <./S300.png (PNG copy)> <./S400.png (PNG copy)>]
\openout2 = `Chapter6.aux'.

(./Chapter6.tex
Chapter 6.
[56



]) [57] (./Main.bbl [58


]
Underfull \hbox (badness 1502) in paragraph at lines 111--114
\OT1/ptm/m/n/12 time anal-y-sis of the mul-ti-armed ban-dit prob-lem.  \OT1/ptm
/m/it/12 Ma-chine Learn-ing\OT1/ptm/m/n/12 ,
 []

[59] [60]) [61]
\openout2 = `Appendices.aux'.

 (./Appendices.tex
Appendix A.
LaTeX Font Info:    Try loading font information for OT1+pcr on input line 9.
(/usr/local/texlive/2015/texmf-dist/tex/latex/psnfss/ot1pcr.fd
File: ot1pcr.fd 2001/06/04 font definitions for OT1/pcr.
)
Underfull \hbox (badness 10000) in paragraph at lines 8--12

 []

) [62


]

Package nag Warning: Package times is obsolete.
(nag)                Use the mathptmx, helvet (option scaled=.9), courier packa
ges instead.


Package nag Warning: 20 complaints in total.

Package atveryend Info: Empty hook `BeforeClearDocument' on input line 127.
Package atveryend Info: Empty hook `AfterLastShipout' on input line 127.
(./Main.aux (./Preamble.aux) (./Chapter1.aux) (./Chapter2.aux) (./Chapter3.aux)
(./Chapter4.aux) (./Chapter5.aux) (./Chapter6.aux) (./Appendices.aux))
Package atveryend Info: Executing hook `AtVeryEndDocument' on input line 127.
Package atveryend Info: Executing hook `AtEndAfterFileList' on input line 127.
Package rerunfilecheck Info: File `Main.out' has not changed.
(rerunfilecheck)             Checksum: 9D18050174861DFE334ABFB43DE03499;1897.


LaTeX Warning: There were undefined references.


LaTeX Warning: There were multiply-defined labels.

 ) 
Here is how much of TeX's memory you used:
 10697 strings out of 493089
 157966 string characters out of 6134842
 267967 words of memory out of 5000000
 13563 multiletter control sequences out of 15000+600000
 61174 words of font info for 137 fonts, out of 8000000 for 9000
 1141 hyphenation exceptions out of 8191
 38i,18n,39p,1333b,461s stack positions out of 5000i,500n,10000p,200000b,80000s
pdfTeX warning (dest): name{cite.miloshauskrechtbranislavkveton} has been ref
erenced but does not exist, replaced by a fixed one

pdfTeX warning (dest): name{cite.franciscos.melom.isabelribeiro2007} has been r
eferenced but does not exist, replaced by a fixed one

pdfTeX warning (dest): name{cite.ronaldparrgavintaylorchristopherpainterwakefie
ldlihonglimichaellittman} has been referenced but does not exist, replaced by a
 fixed one

pdfTeX warning (dest): name{cite.gavintaylorronaldparr2009} has been referenced
 but does not exist, replaced by a fixed one

pdfTeX warning (dest): name{cite.richards.suttonandrewg.barto1998} has been ref
erenced but does not exist, replaced by a fixed one

pdfTeX warning (dest): name{cite.michaelgabrieljohnmoore1991} has been referenc
ed but does not exist, replaced by a fixed one

pdfTeX warning (dest): name{cite.burrsettles2010} has been referenced but does 
not exist, replaced by a fixed one

pdfTeX warning (dest): name{cite.robertzeithammer2007} has been referenced but 
does not exist, replaced by a fixed one

pdfTeX warning (dest): name{cite.e.l.kaplanpaulmeier1958} has been referenced b
ut does not exist, replaced by a fixed one

pdfTeX warning (dest): name{cite.ivantajduharbojanadalbeloba2012} has been refe
renced but does not exist, replaced by a fixed one

pdfTeX warning (dest): name{cite.Amin_budgetoptimization} has been referenced b
ut does not exist, replaced by a fixed one

pdfTeX warning (dest): name{cite.patrickhummelr.prestonmcafee2014} has been ref
erenced but does not exist, replaced by a fixed one

pdfTeX warning (dest): name{cite.deepakagarwalbeechungchenpradheepelango2009} h
as been referenced but does not exist, replaced by a fixed one

pdfTeX warning (dest): name{cite.saiminglimohammadmahdianr.prestonmcafee2010} h
as been referenced but does not exist, replaced by a fixed one

pdfTeX warning (dest): name{cite.peterauernicolocesabianchipaulfischer2002} has
 been referenced but does not exist, replaced by a fixed one

pdfTeX warning (dest): name{cite.christianborgsjenniferchayesomidetesaminicolei
mmorlicakamaljainmohammadmahdian2007} has been referenced but does not exist, r
eplaced by a fixed one

pdfTeX warning (dest): name{cite.menezes2005introduction} has been referenced b
ut does not exist, replaced by a fixed one

pdfTeX warning (dest): name{cite.robertwilson1977} has been referenced but does
 not exist, replaced by a fixed one

pdfTeX warning (dest): name{cite.milgrompaililyasegal2002} has been referenced 
but does not exist, replaced by a fixed one

pdfTeX warning (dest): name{cite.johncharsanyi1967} has been referenced but doe
s not exist, replaced by a fixed one

pdfTeX warning (dest): name{cite.steffenrendlelarsschmidtthieme2010} has been r
eferenced but does not exist, replaced by a fixed one

pdfTeX warning (dest): name{cite.h.brendanmcmahan2011} has been referenced but 
does not exist, replaced by a fixed one

pdfTeX warning (dest): name{cite.steffenrendle2010} has been referenced but doe
s not exist, replaced by a fixed one

pdfTeX warning (dest): name{cite.thoregraepeljoaquinquinonerocandelathomasborch
ertralfherbrich2010} has been referenced but does not exist, replaced by a fixe
d one

pdfTeX warning (dest): name{cite.h.brendanmcmahangaryholt2013} has been referen
ced but does not exist, replaced by a fixed one

pdfTeX warning (dest): name{cite.olivierdelalleauyoshuabengio2012} has been ref
erenced but does not exist, replaced by a fixed one

pdfTeX warning (dest): name{cite.yoshuabengioolivierdelalleau2012} has been ref
erenced but does not exist, replaced by a fixed one

pdfTeX warning (dest): name{cite.jeromeh.friedman1999} has been referenced but 
does not exist, replaced by a fixed one

pdfTeX warning (dest): name{cite.xinranhejunfengpanetc2014} has been referenced
 but does not exist, replaced by a fixed one

pdfTeX warning (dest): name{cite.zhang2014real} has been referenced but does no
t exist, replaced by a fixed one

pdfTeX warning (dest): name{cite.zhang2015statistical} has been referenced but 
does not exist, replaced by a fixed one

pdfTeX warning (dest): name{cite.williamvickrey1961} has been referenced but do
es not exist, replaced by a fixed one

pdfTeX warning (dest): name{cite.Zhang:2014:ORB:2623330.2623633} has been refer
enced but does not exist, replaced by a fixed one

pdfTeX warning (dest): name{cite.emarketer2013} has been referenced but does no
t exist, replaced by a fixed one

{/usr/local/texlive/2015/texmf-dist/fonts/enc/dvips/base/8r.enc}</usr/local/tex
live/2015/texmf-dist/fonts/type1/public/amsfonts/cm/cmex10.pfb></usr/local/texl
ive/2015/texmf-dist/fonts/type1/public/amsfonts/cm/cmmi10.pfb></usr/local/texli
ve/2015/texmf-dist/fonts/type1/public/amsfonts/cm/cmr10.pfb></usr/local/texlive
/2015/texmf-dist/fonts/type1/public/amsfonts/cm/cmsy10.pfb></usr/local/texlive/
2015/texmf-dist/fonts/type1/public/amsfonts/symbols/msbm10.pfb></usr/local/texl
ive/2015/texmf-dist/fonts/type1/public/rsfs/rsfs10.pfb></usr/local/texlive/2015
/texmf-dist/fonts/type1/urw/courier/ucrr8a.pfb></usr/local/texlive/2015/texmf-d
ist/fonts/type1/urw/symbol/usyr.pfb></usr/local/texlive/2015/texmf-dist/fonts/t
ype1/urw/symbol/usyr.pfb></usr/local/texlive/2015/texmf-dist/fonts/type1/urw/ti
mes/utmb8a.pfb></usr/local/texlive/2015/texmf-dist/fonts/type1/urw/times/utmr8a
.pfb></usr/local/texlive/2015/texmf-dist/fonts/type1/urw/times/utmr8a.pfb></usr
/local/texlive/2015/texmf-dist/fonts/type1/urw/times/utmri8a.pfb>
Output written on Main.pdf (62 pages, 9750455 bytes).
PDF statistics:
 2508 PDF objects out of 2984 (max. 8388607)
 1978 compressed objects within 20 object streams
 274 named destinations out of 1000 (max. 500000)
 399 words of extra memory for PDF output out of 10000 (max. 10000000)

